<?xml version="1.0" encoding="UTF-8"?>
<!-- Generated by org.testng.reporters.JUnitReportReporter -->
<testsuite hostname="Taruns-MacBook-Pro-2.local" failures="0" tests="2" name="testCases.AdminPageTC" time="30.172" errors="0" timestamp="2023-06-30T00:05:30 CDT" skipped="0">
  <testcase classname="testCases.AdminPageTC" name="adminpageTestCase" time="15.617"/>
  <system-out/>
  <testcase classname="testCases.AdminPageTC" name="adminpageTestCase" time="14.555"/>
  <system-out/>
</testsuite> <!-- testCases.AdminPageTC -->
