<?xml version="1.0" encoding="UTF-8"?>
<!-- Generated by org.testng.reporters.JUnitReportReporter -->
<testsuite hostname="Taruns-MacBook-Pro-2.local" failures="0" tests="2" name="testCases.AdminPageTC" time="42.068" errors="0" timestamp="2023-06-28T18:38:35 CDT" skipped="0">
  <testcase classname="testCases.AdminPageTC" name="adminpageTestCase" time="16.450"/>
  <system-out/>
  <testcase classname="testCases.AdminPageTC" name="adminpageTestCase" time="25.618"/>
  <system-out/>
</testsuite> <!-- testCases.AdminPageTC -->
