<?xml version="1.0" encoding="UTF-8"?>
<!-- Generated by org.testng.reporters.JUnitReportReporter -->
<testsuite hostname="Taruns-MacBook-Pro-2.local" failures="0" tests="1" name="testCases.testCase01" time="4.229" errors="0" timestamp="2023-06-22T13:41:56 CDT" skipped="0">
  <testcase classname="testCases.testCase01" name="loginTest" time="4.229"/>
  <system-out/>
</testsuite> <!-- testCases.testCase01 -->
