<?xml version="1.0" encoding="UTF-8"?>
<!-- Generated by org.testng.reporters.JUnitReportReporter -->
<testsuite hostname="Taruns-MacBook-Pro-2.local" failures="0" tests="1" name="testCases.testCase01" time="1.478" errors="0" timestamp="2023-06-27T00:00:54 CDT" skipped="0">
  <testcase classname="testCases.testCase01" name="loginTest" time="1.478"/>
  <system-out/>
</testsuite> <!-- testCases.testCase01 -->
